10338.0 9245.0
cluster ends here
3089.0 9430.0 0.0
0.0 0.0 6227.0
cluster ends here
4864.0 35954.0 34088.0
cluster ends here
4864.0 35954.0 34088.0
cluster ends here
3089.0 9430.0 0.0
0.0 0.0 6227.0
cluster ends here
10338.0 9245.0
cluster ends here
974.0 30322.0
cluster ends here
7269.0
cluster ends here
6280.0 1504.0
0.0 2893.0
cluster ends here
4576.0 10960.0
0.0 3710.0
cluster ends here
0.0 20073.0 4510.0
1594.0 3266.0 0.0
cluster ends here
0.0 20073.0 4510.0
1594.0 3266.0 0.0
cluster ends here
4576.0 10960.0
0.0 3710.0
cluster ends here
6280.0 1504.0
0.0 2893.0
cluster ends here
7269.0
cluster ends here
8846.0
cluster en